2025-03-26 08:24:21,735 - INFO - Before test print..
2025-03-26 08:24:21,736 - INFO - mysql conenction is being established...
2025-03-26 08:24:21,812 - INFO - mysql conenction is has been established...
2025-03-26 08:24:21,813 - INFO - Test case executin for sales_data extraction has started..
2025-03-26 08:24:21,840 - INFO - Test case executin for sales_data extraction has completed..
2025-03-26 08:24:21,842 - INFO - mysql conenction is closed established...
2025-03-26 08:24:21,842 - INFO - after test print..
2025-03-26 08:25:22,961 - INFO - Before test print..
2025-03-26 08:25:22,961 - INFO - mysql conenction is being established...
2025-03-26 08:25:23,004 - INFO - mysql conenction is has been established...
2025-03-26 08:25:23,005 - INFO - Test case executin for sales_data extraction has started..
2025-03-26 08:25:23,015 - INFO - Test case executin for sales_data extraction has completed..
2025-03-26 08:25:23,016 - INFO - mysql conenction is closed established...
2025-03-26 08:25:23,016 - INFO - after test print..
2025-03-26 08:25:23,018 - INFO - Before test print..
2025-03-26 08:25:23,018 - INFO - mysql conenction is being established...
2025-03-26 08:25:23,037 - INFO - mysql conenction is has been established...
2025-03-26 08:25:23,037 - INFO - Test case executin for sales_data extraction has started..
2025-03-26 08:25:23,043 - INFO - Test case executin for sales_data extraction has completed..
2025-03-26 08:25:23,045 - INFO - mysql conenction is closed established...
2025-03-26 08:25:23,045 - INFO - after test print..
